<?xml version="1.0" encoding="UTF-8"?>
<!-- Generated by org.testng.reporters.JUnitReportReporter -->
<testsuite hostname="DESKTOP-KPVRKRG" failures="0" tests="1" name="AmazonTestNG" time="20.840" errors="0" timestamp="2022-02-08T15:01:14 IST" skipped="0">
  <testcase classname="AmazonTestNG" name="addToCart" time="20.840"/>
  <system-out/>
</testsuite> <!-- AmazonTestNG -->
