<?xml version="1.0" encoding="UTF-8"?>
<!-- Generated by org.testng.reporters.JUnitReportReporter -->
<testsuite hostname="DESKTOP-KPVRKRG" failures="0" tests="5" name="test.AmazonTest" time="21.305" errors="0" timestamp="2022-02-14T13:22:21 IST" skipped="0">
  <testcase classname="test.AmazonTest" name="email" time="2.746"/>
  <system-out/>
  <testcase classname="test.AmazonTest" name="password" time="0.140"/>
  <system-out/>
  <testcase classname="test.AmazonTest" name="HomePageOperation1" time="10.098"/>
  <system-out/>
  <testcase classname="test.AmazonTest" name="HomePageOperation2" time="0.473"/>
  <system-out/>
  <testcase classname="test.AmazonTest" name="addToCartOperation" time="7.848"/>
  <system-out/>
</testsuite> <!-- test.AmazonTest -->
