<?xml version="1.0" encoding="UTF-8"?>
<!-- Generated by org.testng.reporters.JUnitReportReporter -->
<testsuite hostname="DESKTOP-KPVRKRG" failures="0" tests="3" name="test.AmazonTest" time="14.591" errors="0" timestamp="2022-02-11T17:16:46 IST" skipped="0">
  <testcase classname="test.AmazonTest" name="HomePageOperation2" time="0.385"/>
  <system-out/>
  <testcase classname="test.AmazonTest" name="HomePageOperation1" time="5.993"/>
  <system-out/>
  <testcase classname="test.AmazonTest" name="addToCartOperation" time="8.213"/>
  <system-out/>
</testsuite> <!-- test.AmazonTest -->
